/*C4*/SET SCHEMA PUBLIC
DELETE FROM EMPLEADOS WHERE EMPL_NO=7369
DELETE FROM EMPLEADOS WHERE EMPL_NO=7521
DELETE FROM EMPLEADOS WHERE EMPL_NO=7566
DELETE FROM EMPLEADOS WHERE EMPL_NO=7654
DELETE FROM EMPLEADOS WHERE EMPL_NO=7698
DELETE FROM EMPLEADOS WHERE EMPL_NO=7782
DELETE FROM EMPLEADOS WHERE EMPL_NO=7788
DELETE FROM EMPLEADOS WHERE EMPL_NO=7839
DELETE FROM EMPLEADOS WHERE EMPL_NO=7844
DELETE FROM EMPLEADOS WHERE EMPL_NO=7876
DELETE FROM EMPLEADOS WHERE EMPL_NO=7900
DELETE FROM EMPLEADOS WHERE EMPL_NO=7902
DELETE FROM EMPLEADOS WHERE EMPL_NO=7934
COMMIT
DELETE FROM DEPARTAMENTOS WHERE DEPT_NO=10
DELETE FROM DEPARTAMENTOS WHERE DEPT_NO=20
DELETE FROM DEPARTAMENTOS WHERE DEPT_NO=30
DELETE FROM DEPARTAMENTOS WHERE DEPT_NO=40
COMMIT
INSERT INTO DEPARTAMENTOS VALUES(10,'CONTABILIDAD','SEVILLA')
COMMIT
INSERT INTO DEPARTAMENTOS VALUES(20,'INVESTIGACION','MADRID')
COMMIT
INSERT INTO DEPARTAMENTOS VALUES(30,'VENTAS','BARCELONA')
COMMIT
INSERT INTO DEPARTAMENTOS VALUES(40,'PRODUCCION','BILBAO')
COMMIT
INSERT INTO EMPLEADOS VALUES(1,'L\u00f3pez','contable',345,'1987-10-23',23400.32E0,5.34E0,10)
COMMIT
INSERT INTO EMPLEADOS VALUES(2,'Alonso','contable',346,'1994-12-23',20400.32E0,3.34E0,10)
COMMIT
INSERT INTO EMPLEADOS VALUES(3,'Santana','contable',345,'1980-09-23',33670.2E0,8.84E0,10)
COMMIT
INSERT INTO EMPLEADOS VALUES(4,'Gil','investigad',245,'1987-01-23',23400.32E0,5.34E0,20)
COMMIT
INSERT INTO EMPLEADOS VALUES(5,'Lorenzo','investigad',246,'1992-12-23',20400.32E0,3.34E0,20)
COMMIT
INSERT INTO EMPLEADOS VALUES(6,'Manteca','investigad',245,'2000-10-23',33670.2E0,8.84E0,20)
COMMIT
INSERT INTO EMPLEADOS VALUES(7,'Tocino','vendedor',445,'2003-05-23',23400.32E0,5.34E0,30)
COMMIT
INSERT INTO EMPLEADOS VALUES(8,'Malo','vendedor',446,'1994-06-23',20400.32E0,3.34E0,30)
COMMIT
INSERT INTO EMPLEADOS VALUES(9,'Salamanca','vendedor',445,'2004-08-23',33670.2E0,8.84E0,30)
COMMIT
INSERT INTO EMPLEADOS VALUES(10,'Iglesias','productor',145,'1987-01-23',33400.32E0,15.34E0,40)
COMMIT
INSERT INTO EMPLEADOS VALUES(11,'Mart\u00edn','productor',146,'2004-12-23',28400.32E0,13.34E0,40)
COMMIT
INSERT INTO EMPLEADOS VALUES(12,'Soroya','productor',145,'1980-10-23',43670.2E0,18.84E0,40)
COMMIT
DISCONNECT
